c:\users\geeta\desktop\performance_analysis_cc_aodv\bin\bin_x86\aodv.lib
c:\users\geeta\desktop\performance_analysis_cc_aodv\bin\bin_x86\aodv.exp
c:\users\geeta\desktop\performance_analysis_cc_aodv\src\simulation\aodv\debug\vc142.pdb
c:\users\geeta\desktop\performance_analysis_cc_aodv\src\simulation\aodv\debug\vc142.idb
c:\users\geeta\desktop\performance_analysis_cc_aodv\src\simulation\aodv\debug\rreq.obj
c:\users\geeta\desktop\performance_analysis_cc_aodv\src\simulation\aodv\debug\rrep.obj
c:\users\geeta\desktop\performance_analysis_cc_aodv\src\simulation\aodv\debug\routetable.obj
c:\users\geeta\desktop\performance_analysis_cc_aodv\src\simulation\aodv\debug\routemaint.obj
c:\users\geeta\desktop\performance_analysis_cc_aodv\src\simulation\aodv\debug\hellomessage.obj
c:\users\geeta\desktop\performance_analysis_cc_aodv\src\simulation\aodv\debug\generalpacketprocessing.obj
c:\users\geeta\desktop\performance_analysis_cc_aodv\src\simulation\aodv\debug\fifobuffer.obj
c:\users\geeta\desktop\performance_analysis_cc_aodv\src\simulation\aodv\debug\aodv_routeerror.obj
c:\users\geeta\desktop\performance_analysis_cc_aodv\src\simulation\aodv\debug\aodv_checkroutefound.obj
c:\users\geeta\desktop\performance_analysis_cc_aodv\src\simulation\aodv\debug\aodv.obj
c:\users\geeta\desktop\performance_analysis_cc_aodv\bin\bin_x86\libaodv.dll
c:\users\geeta\desktop\performance_analysis_cc_aodv\bin\bin_x86\aodv.pdb
c:\users\geeta\desktop\performance_analysis_cc_aodv\src\simulation\aodv\debug\aodv.tlog\aodv.write.1u.tlog
c:\users\geeta\desktop\performance_analysis_cc_aodv\src\simulation\aodv\debug\aodv.tlog\cl.command.1.tlog
c:\users\geeta\desktop\performance_analysis_cc_aodv\src\simulation\aodv\debug\aodv.tlog\cl.read.1.tlog
c:\users\geeta\desktop\performance_analysis_cc_aodv\src\simulation\aodv\debug\aodv.tlog\cl.write.1.tlog
c:\users\geeta\desktop\performance_analysis_cc_aodv\src\simulation\aodv\debug\aodv.tlog\link.command.1.tlog
c:\users\geeta\desktop\performance_analysis_cc_aodv\src\simulation\aodv\debug\aodv.tlog\link.read.1.tlog
c:\users\geeta\desktop\performance_analysis_cc_aodv\src\simulation\aodv\debug\aodv.tlog\link.write.1.tlog
